<?xml version="1.0" encoding="UTF-8"?>
<!-- Generated by org.testng.reporters.JUnitReportReporter -->
<testsuite hostname="DESKTOP-VPF7P72" failures="0" tests="1" name="Rest.Rest.API.Automation.UserRegistrationTest2" time="2.800" errors="0" timestamp="2023-08-25T14:06:56 IST" skipped="0">
  <testcase classname="Rest.Rest.API.Automation.UserRegistrationTest2" name="testUserRegistration" time="2.800"/>
</testsuite> <!-- Rest.Rest.API.Automation.UserRegistrationTest2 -->
