<?xml version="1.0" encoding="UTF-8"?>
<!-- Generated by org.testng.reporters.JUnitReportReporter -->
<testsuite hostname="DESKTOP-VPF7P72" failures="0" tests="1" name="Rest.Rest.API.Automation.UserRegistrationTest" time="4.350" errors="0" timestamp="2023-08-24T17:53:52 IST" skipped="0">
  <testcase classname="Rest.Rest.API.Automation.UserRegistrationTest" name="testUserRegistration" time="4.350"/>
</testsuite> <!-- Rest.Rest.API.Automation.UserRegistrationTest -->
